<?xml version="1.0" encoding="UTF-8"?>
<!-- Generated by org.testng.reporters.JUnitXMLReporter -->
<testsuite ignored="0" hostname="SASA_mnon" failures="1" tests="1" name="Chrome Test" time="19.09" errors="0" timestamp="2022-04-05T13:38:13 PDT">
  <testcase classname="tests.LoginTest" name="login" time="10.309">
    <failure type="java.lang.AssertionError" message="null">
      <![CDATA[java.lang.AssertionError: null
at utilities.Assertion.assertElementText(Assertion.java:88)
at pageObjectModel.MyAccountPage.assertMyAccountTitle(MyAccountPage.java:21)
at tests.LoginTest.login(LoginTest.java:28)
at java.base/java.util.ArrayList.forEach(ArrayList.java:1511)
... Removed 29 stack frames]]>
    </failure>
  </testcase> <!-- login -->
</testsuite> <!-- Chrome Test -->
